2026-03-10T19:10:12.871634Z	Cloning repository...
2026-03-10T19:10:13.61739Z	From https://github.com/paytonbaldridge777/BibleApp
2026-03-10T19:10:13.617942Z	 * branch            259d5dabcc1f74818c2a9d159df91cb3308e62a9 -> FETCH_HEAD
2026-03-10T19:10:13.618024Z	
2026-03-10T19:10:13.642069Z	HEAD is now at 259d5da Refactor user creation function for Supabase safety
2026-03-10T19:10:13.642375Z	
2026-03-10T19:10:13.69365Z	
2026-03-10T19:10:13.694006Z	Using v2 root directory strategy
2026-03-10T19:10:13.706517Z	Success: Finished cloning repository files
2026-03-10T19:10:16.727152Z	Checking for configuration in a Wrangler configuration file (BETA)
2026-03-10T19:10:16.72774Z	
2026-03-10T19:10:17.836086Z	No Wrangler configuration file found. Continuing.
2026-03-10T19:10:18.154457Z	Detected the following tools from environment: npm@10.9.2, nodejs@22.16.0
2026-03-10T19:10:18.154891Z	Installing project dependencies: npm clean-install --progress=false
2026-03-10T19:10:31.150264Z	
2026-03-10T19:10:31.150691Z	added 382 packages, and audited 383 packages in 12s
2026-03-10T19:10:31.150759Z	
2026-03-10T19:10:31.150803Z	149 packages are looking for funding
2026-03-10T19:10:31.150857Z	  run `npm fund` for details
2026-03-10T19:10:31.152685Z	
2026-03-10T19:10:31.152783Z	found 0 vulnerabilities
2026-03-10T19:10:31.241221Z	Executing user command: npx @cloudflare/next-on-pages@1
2026-03-10T19:10:32.338359Z	npm warn exec The following package was not found and will be installed: @cloudflare/next-on-pages@1.13.16
2026-03-10T19:10:45.112944Z	npm warn deprecated path-match@1.2.4: This package is archived and no longer maintained. For support, visit https://github.com/expressjs/express/discussions
2026-03-10T19:10:45.983622Z	npm warn deprecated tar@6.2.1: Old versions of tar are not supported, and contain widely publicized security vulnerabilities, which have been fixed in the current version. Please update. Support for old versions may be purchased (at exorbitant rates) by contacting i@izs.me
2026-03-10T19:10:46.60991Z	npm warn deprecated glob@10.5.0: Old versions of glob are not supported, and contain widely publicized security vulnerabilities, which have been fixed in the current version. Please update. Support for old versions may be purchased (at exorbitant rates) by contacting i@izs.me
2026-03-10T19:10:46.649058Z	npm warn deprecated @cloudflare/next-on-pages@1.13.16: Please use the OpenNext adapter instead: https://opennext.js.org/cloudflare
2026-03-10T19:10:58.290915Z	⚡️ @cloudflare/next-on-pages CLI v.1.13.16
2026-03-10T19:10:58.503305Z	⚡️ Detected Package Manager: npm (10.9.2)
2026-03-10T19:10:58.503733Z	⚡️ Preparing project...
2026-03-10T19:10:58.507107Z	⚡️ Project is ready
2026-03-10T19:10:58.507364Z	⚡️ Building project...
2026-03-10T19:10:59.560351Z	▲  npm warn exec The following package was not found and will be installed: vercel@50.29.0
2026-03-10T19:11:07.354825Z	▲  npm warn deprecated tar@7.5.7: Old versions of tar are not supported, and contain widely publicized security vulnerabilities, which have been fixed in the current version. Please update. Support for old versions may be purchased (at exorbitant rates) by contacting i@izs.me
2026-03-10T19:11:09.427876Z	▲  > NOTE: The Vercel CLI now collects telemetry regarding usage of the CLI.
2026-03-10T19:11:09.428191Z	▲  > This information is used to shape the CLI roadmap and prioritize features.
2026-03-10T19:11:09.428388Z	▲  > You can learn more, including how to opt-out if you'd not like to participate in this program, by visiting the following URL:
2026-03-10T19:11:09.428475Z	▲  > https://vercel.com/docs/cli/about-telemetry
2026-03-10T19:11:09.536485Z	▲  WARNING! Build not running on Vercel. System environment variables will not be available.
2026-03-10T19:11:09.708108Z	▲  Installing dependencies...
2026-03-10T19:11:10.664679Z	▲  up to date in 837ms
2026-03-10T19:11:10.665601Z	▲  149 packages are looking for funding
2026-03-10T19:11:10.665855Z	▲  run `npm fund` for details
2026-03-10T19:11:10.679208Z	▲  Detected Next.js version: 16.1.6
2026-03-10T19:11:10.685655Z	▲  Running "npm run build"
2026-03-10T19:11:10.875156Z	▲  > shepherd@0.1.0 build
2026-03-10T19:11:10.875446Z	▲  > next build
2026-03-10T19:11:11.91989Z	▲  Attention: Next.js now collects completely anonymous telemetry regarding usage.
2026-03-10T19:11:11.92078Z	▲  This information is used to shape Next.js' roadmap and prioritize features.
2026-03-10T19:11:11.920864Z	▲  You can learn more, including how to opt-out if you'd not like to participate in this anonymous program, by visiting the following URL:
2026-03-10T19:11:11.921022Z	▲  https://nextjs.org/telemetry
2026-03-10T19:11:11.933518Z	▲  ▲ Next.js 16.1.6 (Turbopack)
2026-03-10T19:11:11.933743Z	▲  
2026-03-10T19:11:12.069159Z	▲  Creating an optimized production build ...
2026-03-10T19:11:17.627135Z	▲  ✓ Compiled successfully in 4.8s
2026-03-10T19:11:17.643172Z	▲  Running TypeScript ...
2026-03-10T19:11:21.808392Z	▲  Collecting page data using 3 workers ...
2026-03-10T19:11:22.280586Z	▲  Generating static pages using 3 workers (0/11) ...
2026-03-10T19:11:22.478239Z	▲  Generating static pages using 3 workers (2/11)
2026-03-10T19:11:22.539879Z	▲  Generating static pages using 3 workers (5/11)
2026-03-10T19:11:22.540281Z	▲  Generating static pages using 3 workers (8/11)
2026-03-10T19:11:22.589406Z	▲  ✓ Generating static pages using 3 workers (11/11) in 308.8ms
2026-03-10T19:11:22.598286Z	▲  Finalizing page optimization ...
2026-03-10T19:11:22.612259Z	▲  
2026-03-10T19:11:22.614428Z	▲  Route (app)
2026-03-10T19:11:22.614942Z	▲  ┌ ○ /
2026-03-10T19:11:22.615154Z	▲  ├ ○ /_not-found
2026-03-10T19:11:22.615218Z	▲  ├ ƒ /auth/callback
2026-03-10T19:11:22.615273Z	▲  ├ ○ /auth/login
2026-03-10T19:11:22.615314Z	▲  ├ ○ /auth/signup
2026-03-10T19:11:22.615354Z	▲  ├ ƒ /dashboard
2026-03-10T19:11:22.615407Z	▲  ├ ƒ /favorites
2026-03-10T19:11:22.615477Z	▲  ├ ○ /onboarding
2026-03-10T19:11:22.615532Z	▲  └ ƒ /settings/profile
2026-03-10T19:11:22.615577Z	▲  
2026-03-10T19:11:22.615618Z	▲  
2026-03-10T19:11:22.615662Z	▲  ƒ Proxy (Middleware)
2026-03-10T19:11:22.615717Z	▲  ○  (Static)   prerendered as static content
2026-03-10T19:11:22.615777Z	▲  ƒ  (Dynamic)  server-rendered on demand
2026-03-10T19:11:34.336146Z	▲  Tracing initial Next.js server files due to missing build trace: 11.509s
2026-03-10T19:11:34.909878Z	▲  Traced Next.js server files in: 12.083s
2026-03-10T19:11:35.030052Z	▲  Created all serverless functions in: 119.095ms
2026-03-10T19:11:35.047951Z	▲  Collected static files (public/, static/, .next/static): 4.655ms
2026-03-10T19:11:35.163916Z	▲  Build Completed in .vercel/output [25s]
2026-03-10T19:11:35.472669Z	⚡️ Completed `npx vercel build`.
2026-03-10T19:11:36.380758Z	
2026-03-10T19:11:36.381133Z	⚡️ ERROR: Failed to produce a Cloudflare Pages build from the project.
2026-03-10T19:11:36.381244Z	⚡️ 
2026-03-10T19:11:36.381383Z	⚡️ 	The following routes were not configured to run with the Edge Runtime:
2026-03-10T19:11:36.38156Z	⚡️ 	  - /_middleware
2026-03-10T19:11:36.381634Z	⚡️ 	  - /auth/callback
2026-03-10T19:11:36.381782Z	⚡️ 	  - /dashboard
2026-03-10T19:11:36.381847Z	⚡️ 	  - /favorites
2026-03-10T19:11:36.381902Z	⚡️ 	  - /settings/profile
2026-03-10T19:11:36.381951Z	⚡️ 
2026-03-10T19:11:36.382004Z	⚡️ 	Please make sure that all your non-static routes export the following edge runtime route segment config:
2026-03-10T19:11:36.382114Z	⚡️ 	  export const runtime = 'edge';
2026-03-10T19:11:36.382274Z	⚡️ 
2026-03-10T19:11:36.382338Z	⚡️ 	You can read more about the Edge Runtime on the Next.js documentation:
2026-03-10T19:11:36.382388Z	⚡️ 	  https://nextjs.org/docs/app/building-your-application/rendering/edge-and-nodejs-runtimes
2026-03-10T19:11:36.38244Z	
2026-03-10T19:11:36.499756Z	Failed: Error while executing user command. Exited with error code: 1
2026-03-10T19:11:36.512943Z	Failed: build command exited with code: 1
2026-03-10T19:11:38.174421Z	Failed: error occurred while running build command